[INFO] Scanning for projects...
[INFO] 
[INFO] ---------------------< com.warehouse:digitaltwin >----------------------
[INFO] Building digitaltwin 0.0.1-SNAPSHOT
[INFO]   from pom.xml
[INFO] --------------------------------[ jar ]---------------------------------
[INFO] 
[INFO] --- clean:3.3.2:clean (default-clean) @ digitaltwin ---
[INFO] Deleting C:\GaldusSDAI\SDAI-Sacchi\digita-twin-warehouse\backend\target
[INFO] 
[INFO] --- resources:3.3.1:resources (default-resources) @ digitaltwin ---
[INFO] Copying 1 resource from src\main\resources to target\classes
[INFO] Copying 0 resource from src\main\resources to target\classes
[INFO] 
[INFO] --- compiler:3.11.0:compile (default-compile) @ digitaltwin ---
[INFO] Changes detected - recompiling the module! :source
[INFO] Compiling 36 source files with javac [debug release 17] to target\classes
[INFO] ------------------------------------------------------------------------
[INFO] BUILD SUCCESS
[INFO] ------------------------------------------------------------------------
[INFO] Total time:  8.145 s
[INFO] Finished at: 2026-02-24T16:54:03+01:00
[INFO] ------------------------------------------------------------------------
